#
# There is insufficient memory for the Java Runtime Environment to continue.
# Native memory allocation (malloc) failed to allocate 1415408 bytes for Chunk::new
# Possible reasons:
#   The system is out of physical RAM or swap space
#   The process is running with CompressedOops enabled, and the Java Heap may be blocking the growth of the native heap
# Possible solutions:
#   Reduce memory load on the system
#   Increase physical memory or swap space
#   Check if swap backing store is full
#   Decrease Java heap size (-Xmx/-Xms)
#   Decrease number of Java threads
#   Decrease Java thread stack sizes (-Xss)
#   Set larger code cache with -XX:ReservedCodeCacheSize=
#   JVM is running with Unscaled Compressed Oops mode in which the Java heap is
#     placed in the first 4GB address space. The Java Heap base address is the
#     maximum limit for the native heap growth. Please use -XX:HeapBaseMinAddress
#     to set the Java Heap base and to place the Java Heap above 4GB virtual address.
# This output file may be truncated or incomplete.
#
#  Out of Memory Error (arena.cpp:189), pid=17820, tid=20476
#
# JRE version: Java(TM) SE Runtime Environment (17.0.2+8) (build 17.0.2+8-LTS-86)
# Java VM: Java HotSpot(TM) 64-Bit Server VM (17.0.2+8-LTS-86, mixed mode, sharing, tiered, compressed oops, compressed class ptrs, g1 gc, windows-amd64)
# No core dump will be written. Minidumps are not enabled by default on client versions of Windows
#

---------------  S U M M A R Y ------------

Command Line: -XX:MaxMetaspaceSize=512m --add-opens=java.base/java.util=ALL-UNNAMED --add-opens=java.base/java.lang=ALL-UNNAMED --add-opens=java.base/java.lang.invoke=ALL-UNNAMED --add-opens=java.base/java.util=ALL-UNNAMED --add-opens=java.prefs/java.util.prefs=ALL-UNNAMED --add-opens=java.prefs/java.util.prefs=ALL-UNNAMED --add-opens=java.base/java.nio.charset=ALL-UNNAMED --add-opens=java.base/java.net=ALL-UNNAMED --add-opens=java.base/java.util.concurrent.atomic=ALL-UNNAMED -Xmx2048m -Dfile.encoding=windows-1252 -Duser.country=FR -Duser.language=fr -Duser.variant org.gradle.launcher.daemon.bootstrap.GradleDaemon 7.3.3

Host: Intel(R) Core(TM) i7-1065G7 CPU @ 1.30GHz, 8 cores, 15G,  Windows 11 , 64 bit Build 22000 (10.0.22000.708)
Time: Sun Aug 21 13:38:16 2022 Afrique de l, 64 bit Build 22000 (10.0.22000.708) elapsed time: 32.644708 seconds (0d 0h 0m 32s)

---------------  T H R E A D  ---------------

Current thread (0x0000022f83857ed0):  JavaThread "C2 CompilerThread1" daemon [_thread_in_native, id=20476, stack(0x0000003a7f700000,0x0000003a7f800000)]


Current CompileTask:
C2:  32644 8579       4       org.gradle.internal.instantiation.generator.AbstractClassGenerator::inspectType (560 bytes)

Stack: [0x0000003a7f700000,0x0000003a7f800000]
Native frames: (J=compiled Java code, j=interpreted, Vv=VM code, C=native code)
V  [jvm.dll+0x670baa]
V  [jvm.dll+0x7cfcb4]
V  [jvm.dll+0x7d145e]
V  [jvm.dll+0x7d1ac3]
V  [jvm.dll+0x242bc5]
V  [jvm.dll+0xaa57b]
V  [jvm.dll+0xaab0c]
V  [jvm.dll+0x35fd07]
V  [jvm.dll+0x1b9982]
V  [jvm.dll+0x215de9]
V  [jvm.dll+0x2150b1]
V  [jvm.dll+0x1a1bbd]
V  [jvm.dll+0x224908]
V  [jvm.dll+0x222a6c]
V  [jvm.dll+0x7859bb]
V  [jvm.dll+0x77ff7a]
V  [jvm.dll+0x66fa35]
C  [ucrtbase.dll+0x26c0c]
C  [KERNEL32.DLL+0x154e0]
C  [ntdll.dll+0x485b]


---------------  P R O C E S S  ---------------

Threads class SMR info:
_java_thread_list=0x0000022f83b9eea0, length=131, elements={
0x0000022fe0a8b330, 0x0000022ffec35c30, 0x0000022ffec366f0, 0x0000022ffec50990,
0x0000022ffec51250, 0x0000022ffec51b10, 0x0000022ffec523d0, 0x0000022ffec53070,
0x0000022ffec53a20, 0x0000022ffec7b640, 0x0000022fff908690, 0x0000022fff90cf70,
0x0000022f8128f750, 0x0000022f81290f60, 0x0000022f812900f0, 0x0000022f81291430,
0x0000022f8128edb0, 0x0000022f8128df40, 0x0000022f8128f280, 0x0000022f8128e410,
0x0000022f81291900, 0x0000022f8128e8e0, 0x0000022f81290a90, 0x0000022f8128fc20,
0x0000022f812905c0, 0x0000022f8134ac90, 0x0000022f8134fe60, 0x0000022f8134e650,
0x0000022f8134c970, 0x0000022f8134e180, 0x0000022f81349480, 0x0000022f8134d310,
0x0000022f81348fb0, 0x0000022f8134ce40, 0x0000022f81349950, 0x0000022f8134a7c0,
0x0000022f81350800, 0x0000022f81349e20, 0x0000022f8134bfd0, 0x0000022f81350330,
0x0000022f8134a2f0, 0x0000022f8134b160, 0x0000022f8134eff0, 0x0000022f8134f4c0,
0x0000022f8134b630, 0x0000022f8134bb00, 0x0000022f8134c4a0, 0x0000022f83fcc080,
0x0000022f83fc51d0, 0x0000022f83fc4830, 0x0000022f83fc86c0, 0x0000022f83fcb210,
0x0000022f83fc5b70, 0x0000022f83fc6040, 0x0000022f83fc9060, 0x0000022f83fc9ed0,
0x0000022f83fc56a0, 0x0000022f83fc7d20, 0x0000022f83fca3a0, 0x0000022f83fcbbb0,
0x0000022f83fc6eb0, 0x0000022f83fca870, 0x0000022f83fc7380, 0x0000022f83fc4d00,
0x0000022f83fc69e0, 0x0000022f83fc8b90, 0x0000022f83fc9530, 0x0000022f83fc6510,
0x0000022f83fc9a00, 0x0000022f83fc81f0, 0x0000022f83fc7850, 0x0000022f83fcad40,
0x0000022f83fcb6e0, 0x0000022f84d5a140, 0x0000022f84d58e00, 0x0000022f84d5cc90,
0x0000022f84d57f90, 0x0000022f84d5ee40, 0x0000022f84d5afb0, 0x0000022f84d58930,
0x0000022f84d5a610, 0x0000022f84d592d0, 0x0000022f84d5b950, 0x0000022f84d5c7c0,
0x0000022f84d5be20, 0x0000022f84d5dfd0, 0x0000022f84d5e970, 0x0000022f84d5f310,
0x0000022f82314ae0, 0x0000022f82311ac0, 0x0000022f82312460, 0x0000022f823137a0,
0x0000022f82312930, 0x0000022f82311120, 0x0000022f823115f0, 0x0000022f82311f90,
0x0000022f82312e00, 0x0000022f82314610, 0x0000022f82313c70, 0x0000022f823132d0,
0x0000022f82314140, 0x0000022f83f743b0, 0x0000022f83f78710, 0x0000022f83f79f20,
0x0000022f83f76f00, 0x0000022f83f73070, 0x0000022f83f778a0, 0x0000022f83f74d50,
0x0000022f83f74880, 0x0000022f83f73a10, 0x0000022f83f75220, 0x0000022f83f73ee0,
0x0000022f83f76a30, 0x0000022f83f7a3f0, 0x0000022f83f79a50, 0x0000022f83f773d0,
0x0000022f83f77d70, 0x0000022f83f78240, 0x0000022f83f78be0, 0x0000022f83f756f0,
0x0000022f83f75bc0, 0x0000022f83f790b0, 0x0000022f83f76090, 0x0000022f84d5c2f0,
0x0000022f84d5b480, 0x0000022f84d597a0, 0x0000022f84d5aae0, 0x0000022f84d59c70,
0x0000022f84d5d160, 0x0000022f84d5d630, 0x0000022f83857ed0
}

Java Threads: ( => current thread )
  0x0000022fe0a8b330 JavaThread "main" [_thread_blocked, id=9540, stack(0x0000003a76600000,0x0000003a76700000)]
  0x0000022ffec35c30 JavaThread "Reference Handler" daemon [_thread_blocked, id=12296, stack(0x0000003a76d00000,0x0000003a76e00000)]
  0x0000022ffec366f0 JavaThread "Finalizer" daemon [_thread_blocked, id=20752, stack(0x0000003a76e00000,0x0000003a76f00000)]
  0x0000022ffec50990 JavaThread "Signal Dispatcher" daemon [_thread_blocked, id=14472, stack(0x0000003a76f00000,0x0000003a77000000)]
  0x0000022ffec51250 JavaThread "Attach Listener" daemon [_thread_blocked, id=17360, stack(0x0000003a77000000,0x0000003a77100000)]
  0x0000022ffec51b10 JavaThread "Service Thread" daemon [_thread_blocked, id=34372, stack(0x0000003a77100000,0x0000003a77200000)]
  0x0000022ffec523d0 JavaThread "Monitor Deflation Thread" daemon [_thread_blocked, id=12956, stack(0x0000003a77200000,0x0000003a77300000)]
  0x0000022ffec53070 JavaThread "C2 CompilerThread0" daemon [_thread_in_native, id=18172, stack(0x0000003a77300000,0x0000003a77400000)]
  0x0000022ffec53a20 JavaThread "C1 CompilerThread0" daemon [_thread_blocked, id=39704, stack(0x0000003a77400000,0x0000003a77500000)]
  0x0000022ffec7b640 JavaThread "Sweeper thread" daemon [_thread_blocked, id=37804, stack(0x0000003a77500000,0x0000003a77600000)]
  0x0000022fff908690 JavaThread "Common-Cleaner" daemon [_thread_blocked, id=27524, stack(0x0000003a77600000,0x0000003a77700000)]
  0x0000022fff90cf70 JavaThread "Notification Thread" daemon [_thread_blocked, id=7784, stack(0x0000003a77700000,0x0000003a77800000)]
  0x0000022f8128f750 JavaThread "Daemon health stats" [_thread_blocked, id=7964, stack(0x0000003a78000000,0x0000003a78100000)]
  0x0000022f81290f60 JavaThread "Incoming local TCP Connector on port 53944" [_thread_in_native, id=24124, stack(0x0000003a77900000,0x0000003a77a00000)]
  0x0000022f812900f0 JavaThread "Daemon periodic checks" [_thread_blocked, id=4684, stack(0x0000003a77a00000,0x0000003a77b00000)]
  0x0000022f81291430 JavaThread "Daemon" [_thread_blocked, id=26112, stack(0x0000003a78300000,0x0000003a78400000)]
  0x0000022f8128edb0 JavaThread "Handler for socket connection from /127.0.0.1:53944 to /127.0.0.1:53945" [_thread_in_native, id=32780, stack(0x0000003a78400000,0x0000003a78500000)]
  0x0000022f8128df40 JavaThread "Cancel handler" [_thread_blocked, id=40884, stack(0x0000003a78100000,0x0000003a78200000)]
  0x0000022f8128f280 JavaThread "Daemon worker" [_thread_in_vm, id=32312, stack(0x0000003a78200000,0x0000003a78300000)]
  0x0000022f8128e410 JavaThread "Asynchronous log dispatcher for DefaultDaemonConnection: socket connection from /127.0.0.1:53944 to /127.0.0.1:53945" [_thread_blocked, id=37576, stack(0x0000003a78500000,0x0000003a78600000)]
  0x0000022f81291900 JavaThread "Stdin handler" [_thread_blocked, id=40144, stack(0x0000003a78600000,0x0000003a78700000)]
  0x0000022f8128e8e0 JavaThread "Daemon client event forwarder" [_thread_blocked, id=17184, stack(0x0000003a78700000,0x0000003a78800000)]
  0x0000022f81290a90 JavaThread "Cache worker for journal cache (C:\Users\zaida\.gradle\caches\journal-1)" [_thread_blocked, id=36256, stack(0x0000003a78800000,0x0000003a78900000)]
  0x0000022f8128fc20 JavaThread "File lock request listener" [_thread_in_native, id=34768, stack(0x0000003a78900000,0x0000003a78a00000)]
  0x0000022f812905c0 JavaThread "Cache worker for file hash cache (C:\Users\zaida\.gradle\caches\7.3.3\fileHashes)" [_thread_blocked, id=11936, stack(0x0000003a78a00000,0x0000003a78b00000)]
  0x0000022f8134ac90 JavaThread "Cache worker for file hash cache (D:\CODE\MesProjets\soutenance_ndziwa\app\android\.gradle\7.3.3\fileHashes)" [_thread_blocked, id=10776, stack(0x0000003a78c00000,0x0000003a78d00000)]
  0x0000022f8134fe60 JavaThread "File watcher server" daemon [_thread_in_native, id=25336, stack(0x0000003a78d00000,0x0000003a78e00000)]
  0x0000022f8134e650 JavaThread "File watcher consumer" daemon [_thread_blocked, id=19204, stack(0x0000003a78e00000,0x0000003a78f00000)]
  0x0000022f8134c970 JavaThread "Cache worker for checksums cache (D:\CODE\MesProjets\soutenance_ndziwa\app\android\.gradle\7.3.3\checksums)" [_thread_blocked, id=29520, stack(0x0000003a78b00000,0x0000003a78c00000)]
  0x0000022f8134e180 JavaThread "Cache worker for cache directory md-supplier (C:\Users\zaida\.gradle\caches\7.3.3\md-supplier)" [_thread_blocked, id=24916, stack(0x0000003a78f00000,0x0000003a79000000)]
  0x0000022f81349480 JavaThread "Cache worker for cache directory md-rule (C:\Users\zaida\.gradle\caches\7.3.3\md-rule)" [_thread_blocked, id=33528, stack(0x0000003a79100000,0x0000003a79200000)]
  0x0000022f8134d310 JavaThread "Cache worker for execution history cache (C:\Users\zaida\.gradle\caches\7.3.3\executionHistory)" [_thread_blocked, id=34536, stack(0x0000003a79200000,0x0000003a79300000)]
  0x0000022f81348fb0 JavaThread "jar transforms" [_thread_blocked, id=11696, stack(0x0000003a79700000,0x0000003a79800000)]
  0x0000022f8134ce40 JavaThread "jar transforms Thread 2" [_thread_blocked, id=14492, stack(0x0000003a79800000,0x0000003a79900000)]
  0x0000022f81349950 JavaThread "Cache worker for file content cache (C:\Users\zaida\.gradle\caches\7.3.3\fileContent)" [_thread_blocked, id=26804, stack(0x0000003a79000000,0x0000003a79100000)]
  0x0000022f8134a7c0 JavaThread "jar transforms Thread 3" [_thread_blocked, id=13588, stack(0x0000003a79900000,0x0000003a79a00000)]
  0x0000022f81350800 JavaThread "jar transforms Thread 4" [_thread_blocked, id=32536, stack(0x0000003a79b00000,0x0000003a79c00000)]
  0x0000022f81349e20 JavaThread "File lock release action executor" [_thread_blocked, id=13520, stack(0x0000003a79600000,0x0000003a79700000)]
  0x0000022f8134bfd0 JavaThread "Cache worker for kotlin-dsl (C:\Users\zaida\.gradle\caches\7.3.3\kotlin-dsl)" [_thread_blocked, id=33868, stack(0x0000003a79d00000,0x0000003a79e00000)]
  0x0000022f81350330 JavaThread "jar transforms Thread 5" [_thread_blocked, id=31752, stack(0x0000003a79e00000,0x0000003a79f00000)]
  0x0000022f8134a2f0 JavaThread "jar transforms Thread 6" [_thread_blocked, id=36820, stack(0x0000003a79f00000,0x0000003a7a000000)]
  0x0000022f8134b160 JavaThread "Cache worker for dependencies-accessors (D:\CODE\MesProjets\soutenance_ndziwa\app\android\.gradle\7.3.3\dependencies-accessors)" [_thread_blocked, id=38588, stack(0x0000003a7a000000,0x0000003a7a100000)]
  0x0000022f8134eff0 JavaThread "Cache worker for Build Output Cleanup Cache (D:\CODE\MesProjets\soutenance_ndziwa\app\node_modules\react-native-gradle-plugin\.gradle\buildOutputCleanup)" [_thread_blocked, id=30232, stack(0x0000003a7a100000,0x0000003a7a200000)]
  0x0000022f8134f4c0 JavaThread "jar transforms Thread 7" [_thread_blocked, id=33652, stack(0x0000003a7a200000,0x0000003a7a300000)]
  0x0000022f8134b630 JavaThread "Unconstrained build operations" [_thread_blocked, id=35528, stack(0x0000003a79a00000,0x0000003a79b00000)]
  0x0000022f8134bb00 JavaThread "Unconstrained build operations Thread 2" [_thread_blocked, id=23844, stack(0x0000003a79c00000,0x0000003a79d00000)]
  0x0000022f8134c4a0 JavaThread "Unconstrained build operations Thread 3" [_thread_blocked, id=23556, stack(0x0000003a7a300000,0x0000003a7a400000)]
  0x0000022f83fcc080 JavaThread "Unconstrained build operations Thread 4" [_thread_blocked, id=35700, stack(0x0000003a7a400000,0x0000003a7a500000)]
  0x0000022f83fc51d0 JavaThread "Unconstrained build operations Thread 5" [_thread_blocked, id=14312, stack(0x0000003a7a500000,0x0000003a7a600000)]
  0x0000022f83fc4830 JavaThread "Unconstrained build operations Thread 6" [_thread_blocked, id=39680, stack(0x0000003a7a600000,0x0000003a7a700000)]
  0x0000022f83fc86c0 JavaThread "Unconstrained build operations Thread 7" [_thread_blocked, id=23736, stack(0x0000003a7a700000,0x0000003a7a800000)]
  0x0000022f83fcb210 JavaThread "Unconstrained build operations Thread 8" [_thread_blocked, id=38876, stack(0x0000003a7a800000,0x0000003a7a900000)]
  0x0000022f83fc5b70 JavaThread "Unconstrained build operations Thread 9" [_thread_blocked, id=5084, stack(0x0000003a7a900000,0x0000003a7aa00000)]
  0x0000022f83fc6040 JavaThread "Unconstrained build operations Thread 10" [_thread_blocked, id=4756, stack(0x0000003a7aa00000,0x0000003a7ab00000)]
  0x0000022f83fc9060 JavaThread "Unconstrained build operations Thread 11" [_thread_blocked, id=26860, stack(0x0000003a7ab00000,0x0000003a7ac00000)]
  0x0000022f83fc9ed0 JavaThread "Unconstrained build operations Thread 12" [_thread_blocked, id=10936, stack(0x0000003a7ac00000,0x0000003a7ad00000)]
  0x0000022f83fc56a0 JavaThread "Unconstrained build operations Thread 13" [_thread_blocked, id=37960, stack(0x0000003a7ad00000,0x0000003a7ae00000)]
  0x0000022f83fc7d20 JavaThread "Unconstrained build operations Thread 14" [_thread_blocked, id=2968, stack(0x0000003a7ae00000,0x0000003a7af00000)]
  0x0000022f83fca3a0 JavaThread "Unconstrained build operations Thread 15" [_thread_blocked, id=4148, stack(0x0000003a7af00000,0x0000003a7b000000)]
  0x0000022f83fcbbb0 JavaThread "Unconstrained build operations Thread 16" [_thread_blocked, id=36900, stack(0x0000003a7b000000,0x0000003a7b100000)]
  0x0000022f83fc6eb0 JavaThread "Unconstrained build operations Thread 17" [_thread_blocked, id=33948, stack(0x0000003a7b100000,0x0000003a7b200000)]
  0x0000022f83fca870 JavaThread "Unconstrained build operations Thread 18" [_thread_blocked, id=40160, stack(0x0000003a7b200000,0x0000003a7b300000)]
  0x0000022f83fc7380 JavaThread "Unconstrained build operations Thread 19" [_thread_blocked, id=4960, stack(0x0000003a7b300000,0x0000003a7b400000)]
  0x0000022f83fc4d00 JavaThread "Unconstrained build operations Thread 20" [_thread_blocked, id=35012, stack(0x0000003a7b400000,0x0000003a7b500000)]
  0x0000022f83fc69e0 JavaThread "Unconstrained build operations Thread 21" [_thread_blocked, id=40020, stack(0x0000003a7b500000,0x0000003a7b600000)]
  0x0000022f83fc8b90 JavaThread "Unconstrained build operations Thread 22" [_thread_blocked, id=27660, stack(0x0000003a7b600000,0x0000003a7b700000)]
  0x0000022f83fc9530 JavaThread "Unconstrained build operations Thread 23" [_thread_blocked, id=15704, stack(0x0000003a7b700000,0x0000003a7b800000)]
  0x0000022f83fc6510 JavaThread "Unconstrained build operations Thread 24" [_thread_blocked, id=29056, stack(0x0000003a7b800000,0x0000003a7b900000)]
  0x0000022f83fc9a00 JavaThread "Unconstrained build operations Thread 25" [_thread_blocked, id=34744, stack(0x0000003a7b900000,0x0000003a7ba00000)]
  0x0000022f83fc81f0 JavaThread "Unconstrained build operations Thread 26" [_thread_blocked, id=10596, stack(0x0000003a7ba00000,0x0000003a7bb00000)]
  0x0000022f83fc7850 JavaThread "Unconstrained build operations Thread 27" [_thread_blocked, id=40700, stack(0x0000003a7bb00000,0x0000003a7bc00000)]
  0x0000022f83fcad40 JavaThread "Unconstrained build operations Thread 28" [_thread_blocked, id=29968, stack(0x0000003a7bc00000,0x0000003a7bd00000)]
  0x0000022f83fcb6e0 JavaThread "Unconstrained build operations Thread 29" [_thread_blocked, id=28948, stack(0x0000003a7bd00000,0x0000003a7be00000)]
  0x0000022f84d5a140 JavaThread "Unconstrained build operations Thread 30" [_thread_blocked, id=2692, stack(0x0000003a7be00000,0x0000003a7bf00000)]
  0x0000022f84d58e00 JavaThread "Unconstrained build operations Thread 31" [_thread_blocked, id=40832, stack(0x0000003a7bf00000,0x0000003a7c000000)]
  0x0000022f84d5cc90 JavaThread "Unconstrained build operations Thread 32" [_thread_blocked, id=3804, stack(0x0000003a7c000000,0x0000003a7c100000)]
  0x0000022f84d57f90 JavaThread "Unconstrained build operations Thread 33" [_thread_blocked, id=15436, stack(0x0000003a7c100000,0x0000003a7c200000)]
  0x0000022f84d5ee40 JavaThread "jar transforms Thread 8" [_thread_blocked, id=24204, stack(0x0000003a7c300000,0x0000003a7c400000)]
  0x0000022f84d5afb0 JavaThread "build event listener" [_thread_blocked, id=30624, stack(0x0000003a7c200000,0x0000003a7c300000)]
  0x0000022f84d58930 JavaThread "Memory manager" [_thread_blocked, id=27892, stack(0x0000003a7c500000,0x0000003a7c600000)]
  0x0000022f84d5a610 JavaThread "Cache worker for Build Output Cleanup Cache (D:\CODE\MesProjets\soutenance_ndziwa\app\android\.gradle\buildOutputCleanup)" [_thread_blocked, id=22452, stack(0x0000003a7c400000,0x0000003a7c500000)]
  0x0000022f84d592d0 JavaThread "included builds" [_thread_blocked, id=35956, stack(0x0000003a7c700000,0x0000003a7c800000)]
  0x0000022f84d5b950 JavaThread "Cache worker for execution history cache (D:\CODE\MesProjets\soutenance_ndziwa\app\node_modules\react-native-gradle-plugin\.gradle\7.3.3\executionHistory)" [_thread_blocked, id=33796, stack(0x0000003a7cf00000,0x0000003a7d000000)]
  0x0000022f84d5c7c0 JavaThread "Unconstrained build operations Thread 34" [_thread_blocked, id=17580, stack(0x0000003a7d000000,0x0000003a7d100000)]
  0x0000022f84d5be20 JavaThread "Unconstrained build operations Thread 35" [_thread_blocked, id=13320, stack(0x0000003a7d100000,0x0000003a7d200000)]
  0x0000022f84d5dfd0 JavaThread "Unconstrained build operations Thread 36" [_thread_blocked, id=39240, stack(0x0000003a7d200000,0x0000003a7d300000)]
  0x0000022f84d5e970 JavaThread "Unconstrained build operations Thread 37" [_thread_blocked, id=20068, stack(0x0000003a7d300000,0x0000003a7d400000)]
  0x0000022f84d5f310 JavaThread "Unconstrained build operations Thread 38" [_thread_blocked, id=17508, stack(0x0000003a7d400000,0x0000003a7d500000)]
  0x0000022f82314ae0 JavaThread "Unconstrained build operations Thread 39" [_thread_blocked, id=32172, stack(0x0000003a7d500000,0x0000003a7d600000)]
  0x0000022f82311ac0 JavaThread "Unconstrained build operations Thread 40" [_thread_blocked, id=22992, stack(0x0000003a7d600000,0x0000003a7d700000)]
  0x0000022f82312460 JavaThread "Unconstrained build operations Thread 41" [_thread_blocked, id=40532, stack(0x0000003a7d700000,0x0000003a7d800000)]
  0x0000022f823137a0 JavaThread "Unconstrained build operations Thread 42" [_thread_blocked, id=4624, stack(0x0000003a7d800000,0x0000003a7d900000)]
  0x0000022f82312930 JavaThread "Unconstrained build operations Thread 43" [_thread_blocked, id=37512, stack(0x0000003a7d900000,0x0000003a7da00000)]
  0x0000022f82311120 JavaThread "Unconstrained build operations Thread 44" [_thread_blocked, id=23356, stack(0x0000003a7da00000,0x0000003a7db00000)]
  0x0000022f823115f0 JavaThread "Unconstrained build operations Thread 45" [_thread_blocked, id=25000, stack(0x0000003a7db00000,0x0000003a7dc00000)]
  0x0000022f82311f90 JavaThread "Unconstrained build operations Thread 46" [_thread_blocked, id=38340, stack(0x0000003a7dc00000,0x0000003a7dd00000)]
  0x0000022f82312e00 JavaThread "Unconstrained build operations Thread 47" [_thread_blocked, id=29512, stack(0x0000003a7dd00000,0x0000003a7de00000)]
  0x0000022f82314610 JavaThread "Unconstrained build operations Thread 48" [_thread_blocked, id=34704, stack(0x0000003a7de00000,0x0000003a7df00000)]
  0x0000022f82313c70 JavaThread "Unconstrained build operations Thread 49" [_thread_blocked, id=34164, stack(0x0000003a7df00000,0x0000003a7e000000)]
  0x0000022f823132d0 JavaThread "Unconstrained build operations Thread 50" [_thread_blocked, id=34360, stack(0x0000003a7e000000,0x0000003a7e100000)]
  0x0000022f82314140 JavaThread "Unconstrained build operations Thread 51" [_thread_blocked, id=11132, stack(0x0000003a7e100000,0x0000003a7e200000)]
  0x0000022f83f743b0 JavaThread "Unconstrained build operations Thread 52" [_thread_blocked, id=38508, stack(0x0000003a7e200000,0x0000003a7e300000)]
  0x0000022f83f78710 JavaThread "Unconstrained build operations Thread 53" [_thread_blocked, id=37484, stack(0x0000003a7e300000,0x0000003a7e400000)]
  0x0000022f83f79f20 JavaThread "Unconstrained build operations Thread 54" [_thread_blocked, id=29472, stack(0x0000003a7e400000,0x0000003a7e500000)]
  0x0000022f83f76f00 JavaThread "Unconstrained build operations Thread 55" [_thread_blocked, id=1588, stack(0x0000003a7e600000,0x0000003a7e700000)]
  0x0000022f83f73070 JavaThread "Unconstrained build operations Thread 56" [_thread_blocked, id=33784, stack(0x0000003a7c600000,0x0000003a7c700000)]
  0x0000022f83f778a0 JavaThread "Unconstrained build operations Thread 57" [_thread_blocked, id=16576, stack(0x0000003a7c800000,0x0000003a7c900000)]
  0x0000022f83f74d50 JavaThread "Unconstrained build operations Thread 58" [_thread_blocked, id=2144, stack(0x0000003a7c900000,0x0000003a7ca00000)]
  0x0000022f83f74880 JavaThread "Unconstrained build operations Thread 59" [_thread_blocked, id=8300, stack(0x0000003a7ca00000,0x0000003a7cb00000)]
  0x0000022f83f73a10 JavaThread "Unconstrained build operations Thread 60" [_thread_blocked, id=28920, stack(0x0000003a7cb00000,0x0000003a7cc00000)]
  0x0000022f83f75220 JavaThread "Unconstrained build operations Thread 61" [_thread_blocked, id=26288, stack(0x0000003a7cc00000,0x0000003a7cd00000)]
  0x0000022f83f73ee0 JavaThread "Unconstrained build operations Thread 62" [_thread_blocked, id=24336, stack(0x0000003a7cd00000,0x0000003a7ce00000)]
  0x0000022f83f76a30 JavaThread "Unconstrained build operations Thread 63" [_thread_blocked, id=36992, stack(0x0000003a7ce00000,0x0000003a7cf00000)]
  0x0000022f83f7a3f0 JavaThread "Unconstrained build operations Thread 64" [_thread_blocked, id=24324, stack(0x0000003a7e500000,0x0000003a7e600000)]
  0x0000022f83f79a50 JavaThread "Unconstrained build operations Thread 65" [_thread_blocked, id=33540, stack(0x0000003a7e700000,0x0000003a7e800000)]
  0x0000022f83f773d0 JavaThread "Unconstrained build operations Thread 66" [_thread_blocked, id=37424, stack(0x0000003a7e800000,0x0000003a7e900000)]
  0x0000022f83f77d70 JavaThread "Unconstrained build operations Thread 67" [_thread_blocked, id=5556, stack(0x0000003a7e900000,0x0000003a7ea00000)]
  0x0000022f83f78240 JavaThread "Unconstrained build operations Thread 68" [_thread_blocked, id=5292, stack(0x0000003a7ea00000,0x0000003a7eb00000)]
  0x0000022f83f78be0 JavaThread "Unconstrained build operations Thread 69" [_thread_blocked, id=26576, stack(0x0000003a7eb00000,0x0000003a7ec00000)]
  0x0000022f83f756f0 JavaThread "Unconstrained build operations Thread 70" [_thread_blocked, id=32772, stack(0x0000003a7ec00000,0x0000003a7ed00000)]
  0x0000022f83f75bc0 JavaThread "Unconstrained build operations Thread 71" [_thread_blocked, id=33096, stack(0x0000003a7ed00000,0x0000003a7ee00000)]
  0x0000022f83f790b0 JavaThread "Unconstrained build operations Thread 72" [_thread_blocked, id=38492, stack(0x0000003a7ee00000,0x0000003a7ef00000)]
  0x0000022f83f76090 JavaThread "Unconstrained build operations Thread 73" [_thread_blocked, id=29572, stack(0x0000003a7ef00000,0x0000003a7f000000)]
  0x0000022f84d5c2f0 JavaThread "Unconstrained build operations Thread 74" [_thread_blocked, id=40736, stack(0x0000003a7f000000,0x0000003a7f100000)]
  0x0000022f84d5b480 JavaThread "Unconstrained build operations Thread 75" [_thread_blocked, id=13620, stack(0x0000003a7f100000,0x0000003a7f200000)]
  0x0000022f84d597a0 JavaThread "Unconstrained build operations Thread 76" [_thread_blocked, id=24772, stack(0x0000003a7f200000,0x0000003a7f300000)]
  0x0000022f84d5aae0 JavaThread "Unconstrained build operations Thread 77" [_thread_blocked, id=31956, stack(0x0000003a7f300000,0x0000003a7f400000)]
  0x0000022f84d59c70 JavaThread "Unconstrained build operations Thread 78" [_thread_blocked, id=40540, stack(0x0000003a7f400000,0x0000003a7f500000)]
  0x0000022f84d5d160 JavaThread "Unconstrained build operations Thread 79" [_thread_blocked, id=35256, stack(0x0000003a7f500000,0x0000003a7f600000)]
  0x0000022f84d5d630 JavaThread "Unconstrained build operations Thread 80" [_thread_blocked, id=18308, stack(0x0000003a7f600000,0x0000003a7f700000)]
=>0x0000022f83857ed0 JavaThread "C2 CompilerThread1" daemon [_thread_in_native, id=20476, stack(0x0000003a7f700000,0x0000003a7f800000)]

Other Threads:
  0x0000022ffec2fad0 VMThread "VM Thread" [stack: 0x0000003a76c00000,0x0000003a76d00000] [id=23868]
  0x0000022fff90f670 WatcherThread [stack: 0x0000003a77800000,0x0000003a77900000] [id=22512]
  0x0000022fe0aca4d0 GCTaskThread "GC Thread#0" [stack: 0x0000003a76700000,0x0000003a76800000] [id=39652]
  0x0000022f808e45e0 GCTaskThread "GC Thread#1" [stack: 0x0000003a77b00000,0x0000003a77c00000] [id=29228]
  0x0000022f80b710c0 GCTaskThread "GC Thread#2" [stack: 0x0000003a77c00000,0x0000003a77d00000] [id=25088]
  0x0000022f801112c0 GCTaskThread "GC Thread#3" [stack: 0x0000003a77d00000,0x0000003a77e00000] [id=24260]
  0x0000022f8046c560 GCTaskThread "GC Thread#4" [stack: 0x0000003a77e00000,0x0000003a77f00000] [id=9136]
  0x0000022f8046c810 GCTaskThread "GC Thread#5" [stack: 0x0000003a77f00000,0x0000003a78000000] [id=23092]
  0x0000022f81df2940 GCTaskThread "GC Thread#6" [stack: 0x0000003a79300000,0x0000003a79400000] [id=19152]
  0x0000022f81df2bf0 GCTaskThread "GC Thread#7" [stack: 0x0000003a79400000,0x0000003a79500000] [id=37980]
  0x0000022fe0adb1c0 ConcurrentGCThread "G1 Main Marker" [stack: 0x0000003a76800000,0x0000003a76900000] [id=23512]
  0x0000022fe0adb980 ConcurrentGCThread "G1 Conc#0" [stack: 0x0000003a76900000,0x0000003a76a00000] [id=27380]
  0x0000022f81df3400 ConcurrentGCThread "G1 Conc#1" [stack: 0x0000003a79500000,0x0000003a79600000] [id=21968]
  0x0000022fe0b5df90 ConcurrentGCThread "G1 Refine#0" [stack: 0x0000003a76a00000,0x0000003a76b00000] [id=39788]
  0x0000022fe0b5e760 ConcurrentGCThread "G1 Service" [stack: 0x0000003a76b00000,0x0000003a76c00000] [id=5060]

Threads with active compile tasks:
C2 CompilerThread1    32697 8579       4       org.gradle.internal.instantiation.generator.AbstractClassGenerator::inspectType (560 bytes)

VM state: not at safepoint (normal execution)

VM Mutex/Monitor currently owned by a thread: None

Heap address: 0x0000000080000000, size: 2048 MB, Compressed Oops mode: 32-bit

CDS archive(s) mapped at: [0x0000000800000000-0x0000000800bc0000-0x0000000800bc0000), size 12320768, SharedBaseAddress: 0x0000000800000000, ArchiveRelocationMode: 0.
Compressed class space mapped at: 0x0000000800c00000-0x000000081a800000, reserved size: 432013312
Narrow klass base: 0x0000000800000000, Narrow klass shift: 0, Narrow klass range: 0x100000000

GC Precious Log:
 CPUs: 8 total, 8 available
 Memory: 16122M
 Large Page Support: Disabled
 NUMA Support: Disabled
 Compressed Oops: Enabled (32-bit)
 Heap Region Size: 1M
 Heap Min Capacity: 8M
 Heap Initial Capacity: 252M
 Heap Max Capacity: 2G
 Pre-touch: Disabled
 Parallel Workers: 8
 Concurrent Workers: 2
 Concurrent Refinement Workers: 8
 Periodic GC: Disabled

Heap:
 garbage-first heap   total 112640K, used 72497K [0x0000000080000000, 0x0000000100000000)
  region size 1024K, 9 young (9216K), 1 survivors (1024K)
 Metaspace       used 59847K, committed 60480K, reserved 479232K
  class space    used 8285K, committed 8576K, reserved 421888K

Heap Regions: E=young(eden), S=young(survivor), O=old, HS=humongous(starts), HC=humongous(continues), CS=collection set, F=free, OA=open archive, CA=closed archive, TAMS=top-at-mark-start (previous, next)
|   0|0x0000000080000000, 0x0000000080100000, 0x0000000080100000|100%| O|  |TAMS 0x0000000080100000, 0x0000000080000000| Untracked 
|   1|0x0000000080100000, 0x0000000080200000, 0x0000000080200000|100%| O|  |TAMS 0x0000000080200000, 0x0000000080100000| Untracked 
|   2|0x0000000080200000, 0x0000000080300000, 0x0000000080300000|100%| O|  |TAMS 0x0000000080300000, 0x0000000080200000| Untracked 
|   3|0x0000000080300000, 0x0000000080400000, 0x0000000080400000|100%|HS|  |TAMS 0x0000000080400000, 0x0000000080300000| Complete 
|   4|0x0000000080400000, 0x0000000080500000, 0x0000000080500000|100%|HC|  |TAMS 0x0000000080500000, 0x0000000080400000| Complete 
|   5|0x0000000080500000, 0x0000000080600000, 0x0000000080600000|100%|HC|  |TAMS 0x0000000080600000, 0x0000000080500000| Complete 
|   6|0x0000000080600000, 0x0000000080700000, 0x0000000080700000|100%| O|  |TAMS 0x0000000080700000, 0x0000000080600000| Untracked 
|   7|0x0000000080700000, 0x0000000080800000, 0x0000000080800000|100%| O|  |TAMS 0x0000000080800000, 0x0000000080700000| Untracked 
|   8|0x0000000080800000, 0x0000000080900000, 0x0000000080900000|100%| O|  |TAMS 0x0000000080900000, 0x0000000080800000| Untracked 
|   9|0x0000000080900000, 0x0000000080a00000, 0x0000000080a00000|100%| O|  |TAMS 0x0000000080a00000, 0x0000000080900000| Untracked 
|  10|0x0000000080a00000, 0x0000000080b00000, 0x0000000080b00000|100%| O|  |TAMS 0x0000000080b00000, 0x0000000080a00000| Untracked 
|  11|0x0000000080b00000, 0x0000000080c00000, 0x0000000080c00000|100%| O|  |TAMS 0x0000000080c00000, 0x0000000080b00000| Untracked 
|  12|0x0000000080c00000, 0x0000000080d00000, 0x0000000080d00000|100%| O|  |TAMS 0x0000000080d00000, 0x0000000080c00000| Untracked 
|  13|0x0000000080d00000, 0x0000000080e00000, 0x0000000080e00000|100%| O|  |TAMS 0x0000000080e00000, 0x0000000080d00000| Untracked 
|  14|0x0000000080e00000, 0x0000000080f00000, 0x0000000080f00000|100%| O|  |TAMS 0x0000000080f00000, 0x0000000080e00000| Untracked 
|  15|0x0000000080f00000, 0x0000000081000000, 0x0000000081000000|100%| O|  |TAMS 0x0000000081000000, 0x0000000080f00000| Untracked 
|  16|0x0000000081000000, 0x0000000081100000, 0x0000000081100000|100%| O|  |TAMS 0x0000000081100000, 0x0000000081000000| Untracked 
|  17|0x0000000081100000, 0x0000000081200000, 0x0000000081200000|100%| O|  |TAMS 0x0000000081200000, 0x0000000081100000| Untracked 
|  18|0x0000000081200000, 0x0000000081300000, 0x0000000081300000|100%| O|  |TAMS 0x0000000081300000, 0x0000000081200000| Untracked 
|  19|0x0000000081300000, 0x0000000081400000, 0x0000000081400000|100%| O|  |TAMS 0x0000000081400000, 0x0000000081300000| Untracked 
|  20|0x0000000081400000, 0x0000000081500000, 0x0000000081500000|100%| O|  |TAMS 0x0000000081500000, 0x0000000081400000| Untracked 
|  21|0x0000000081500000, 0x0000000081600000, 0x0000000081600000|100%| O|  |TAMS 0x0000000081600000, 0x0000000081500000| Untracked 
|  22|0x0000000081600000, 0x0000000081700000, 0x0000000081700000|100%| O|  |TAMS 0x0000000081700000, 0x0000000081600000| Untracked 
|  23|0x0000000081700000, 0x0000000081800000, 0x0000000081800000|100%| O|  |TAMS 0x0000000081800000, 0x0000000081700000| Untracked 
|  24|0x0000000081800000, 0x0000000081800000, 0x0000000081900000|  0%| F|  |TAMS 0x0000000081800000, 0x0000000081800000| Untracked 
|  25|0x0000000081900000, 0x0000000081a00000, 0x0000000081a00000|100%| O|  |TAMS 0x0000000081a00000, 0x0000000081900000| Untracked 
|  26|0x0000000081a00000, 0x0000000081b00000, 0x0000000081b00000|100%| O|  |TAMS 0x0000000081b00000, 0x0000000081a00000| Untracked 
|  27|0x0000000081b00000, 0x0000000081c00000, 0x0000000081c00000|100%|HS|  |TAMS 0x0000000081c00000, 0x0000000081b00000| Complete 
|  28|0x0000000081c00000, 0x0000000081d00000, 0x0000000081d00000|100%| O|  |TAMS 0x0000000081d00000, 0x0000000081c00000| Untracked 
|  29|0x0000000081d00000, 0x0000000081e00000, 0x0000000081e00000|100%| O|  |TAMS 0x0000000081e00000, 0x0000000081d00000| Untracked 
|  30|0x0000000081e00000, 0x0000000081f00000, 0x0000000081f00000|100%| O|  |TAMS 0x0000000081f00000, 0x0000000081e00000| Untracked 
|  31|0x0000000081f00000, 0x0000000082000000, 0x0000000082000000|100%| O|  |TAMS 0x0000000082000000, 0x0000000081f00000| Untracked 
|  32|0x0000000082000000, 0x0000000082100000, 0x0000000082100000|100%|HS|  |TAMS 0x0000000082100000, 0x0000000082000000| Complete 
|  33|0x0000000082100000, 0x0000000082200000, 0x0000000082200000|100%|HC|  |TAMS 0x0000000082200000, 0x0000000082100000| Complete 
|  34|0x0000000082200000, 0x0000000082300000, 0x0000000082300000|100%|HC|  |TAMS 0x0000000082300000, 0x0000000082200000| Complete 
|  35|0x0000000082300000, 0x0000000082400000, 0x0000000082400000|100%| O|  |TAMS 0x0000000082400000, 0x0000000082300000| Untracked 
|  36|0x0000000082400000, 0x0000000082500000, 0x0000000082500000|100%| O|  |TAMS 0x0000000082500000, 0x0000000082400000| Untracked 
|  37|0x0000000082500000, 0x0000000082600000, 0x0000000082600000|100%| O|  |TAMS 0x0000000082600000, 0x0000000082500000| Untracked 
|  38|0x0000000082600000, 0x0000000082700000, 0x0000000082700000|100%| O|  |TAMS 0x0000000082700000, 0x0000000082600000| Untracked 
|  39|0x0000000082700000, 0x0000000082800000, 0x0000000082800000|100%| O|  |TAMS 0x0000000082800000, 0x0000000082700000| Untracked 
|  40|0x0000000082800000, 0x0000000082900000, 0x0000000082900000|100%| O|  |TAMS 0x0000000082900000, 0x0000000082800000| Untracked 
|  41|0x0000000082900000, 0x0000000082a00000, 0x0000000082a00000|100%| O|  |TAMS 0x0000000082a00000, 0x0000000082900000| Untracked 
|  42|0x0000000082a00000, 0x0000000082b00000, 0x0000000082b00000|100%| O|  |TAMS 0x0000000082b00000, 0x0000000082a00000| Untracked 
|  43|0x0000000082b00000, 0x0000000082c00000, 0x0000000082c00000|100%| O|  |TAMS 0x0000000082c00000, 0x0000000082b00000| Untracked 
|  44|0x0000000082c00000, 0x0000000082d00000, 0x0000000082d00000|100%| O|  |TAMS 0x0000000082d00000, 0x0000000082c00000| Untracked 
|  45|0x0000000082d00000, 0x0000000082e00000, 0x0000000082e00000|100%| O|  |TAMS 0x0000000082e00000, 0x0000000082d00000| Untracked 
|  46|0x0000000082e00000, 0x0000000082f00000, 0x0000000082f00000|100%| O|  |TAMS 0x0000000082f00000, 0x0000000082e00000| Untracked 
|  47|0x0000000082f00000, 0x0000000083000000, 0x0000000083000000|100%| O|  |TAMS 0x0000000083000000, 0x0000000082f00000| Complete 
|  48|0x0000000083000000, 0x0000000083100000, 0x0000000083100000|100%| O|  |TAMS 0x0000000083100000, 0x0000000083000000| Untracked 
|  49|0x0000000083100000, 0x0000000083200000, 0x0000000083200000|100%| O|  |TAMS 0x0000000083200000, 0x0000000083100000| Untracked 
|  50|0x0000000083200000, 0x0000000083300000, 0x0000000083300000|100%| O|  |TAMS 0x0000000083300000, 0x0000000083200000| Untracked 
|  51|0x0000000083300000, 0x0000000083400000, 0x0000000083400000|100%| O|  |TAMS 0x0000000083400000, 0x0000000083300000| Untracked 
|  52|0x0000000083400000, 0x0000000083500000, 0x0000000083500000|100%| O|  |TAMS 0x0000000083500000, 0x0000000083400000| Untracked 
|  53|0x0000000083500000, 0x0000000083600000, 0x0000000083600000|100%|HS|  |TAMS 0x0000000083600000, 0x0000000083500000| Complete 
|  54|0x0000000083600000, 0x0000000083700000, 0x0000000083700000|100%|HS|  |TAMS 0x0000000083700000, 0x0000000083600000| Complete 
|  55|0x0000000083700000, 0x0000000083800000, 0x0000000083800000|100%|HS|  |TAMS 0x0000000083800000, 0x0000000083700000| Complete 
|  56|0x0000000083800000, 0x0000000083900000, 0x0000000083900000|100%| O|  |TAMS 0x0000000083900000, 0x0000000083800000| Untracked 
|  57|0x0000000083900000, 0x0000000083a00000, 0x0000000083a00000|100%| O|  |TAMS 0x0000000083a00000, 0x0000000083900000| Untracked 
|  58|0x0000000083a00000, 0x0000000083b00000, 0x0000000083b00000|100%| O|  |TAMS 0x0000000083b00000, 0x0000000083a00000| Untracked 
|  59|0x0000000083b00000, 0x0000000083c00000, 0x0000000083c00000|100%| O|  |TAMS 0x0000000083c00000, 0x0000000083b00000| Untracked 
|  60|0x0000000083c00000, 0x0000000083d00000, 0x0000000083d00000|100%| O|  |TAMS 0x0000000083d00000, 0x0000000083c00000| Untracked 
|  61|0x0000000083d00000, 0x0000000083de1a00, 0x0000000083e00000| 88%| O|  |TAMS 0x0000000083de1a00, 0x0000000083d00000| Untracked 
|  62|0x0000000083e00000, 0x0000000083f00000, 0x0000000083f00000|100%|HS|  |TAMS 0x0000000083e00000, 0x0000000083e00000| Complete 
|  63|0x0000000083f00000, 0x0000000084000000, 0x0000000084000000|100%|HC|  |TAMS 0x0000000083f00000, 0x0000000083f00000| Complete 
|  64|0x0000000084000000, 0x0000000084000000, 0x0000000084100000|  0%| F|  |TAMS 0x0000000084000000, 0x0000000084000000| Untracked 
|  65|0x0000000084100000, 0x0000000084100000, 0x0000000084200000|  0%| F|  |TAMS 0x0000000084100000, 0x0000000084100000| Untracked 
|  66|0x0000000084200000, 0x0000000084200000, 0x0000000084300000|  0%| F|  |TAMS 0x0000000084200000, 0x0000000084200000| Untracked 
|  67|0x0000000084300000, 0x0000000084300000, 0x0000000084400000|  0%| F|  |TAMS 0x0000000084300000, 0x0000000084300000| Untracked 
|  68|0x0000000084400000, 0x0000000084400000, 0x0000000084500000|  0%| F|  |TAMS 0x0000000084400000, 0x0000000084400000| Untracked 
|  69|0x0000000084500000, 0x0000000084500000, 0x0000000084600000|  0%| F|  |TAMS 0x0000000084500000, 0x0000000084500000| Untracked 
|  70|0x0000000084600000, 0x0000000084600000, 0x0000000084700000|  0%| F|  |TAMS 0x0000000084600000, 0x0000000084600000| Untracked 
|  71|0x0000000084700000, 0x0000000084700000, 0x0000000084800000|  0%| F|  |TAMS 0x0000000084700000, 0x0000000084700000| Untracked 
|  72|0x0000000084800000, 0x0000000084800000, 0x0000000084900000|  0%| F|  |TAMS 0x0000000084800000, 0x0000000084800000| Untracked 
|  73|0x0000000084900000, 0x0000000084900000, 0x0000000084a00000|  0%| F|  |TAMS 0x0000000084900000, 0x0000000084900000| Untracked 
|  74|0x0000000084a00000, 0x0000000084a00000, 0x0000000084b00000|  0%| F|  |TAMS 0x0000000084a00000, 0x0000000084a00000| Untracked 
|  75|0x0000000084b00000, 0x0000000084b00000, 0x0000000084c00000|  0%| F|  |TAMS 0x0000000084b00000, 0x0000000084b00000| Untracked 
|  76|0x0000000084c00000, 0x0000000084c00000, 0x0000000084d00000|  0%| F|  |TAMS 0x0000000084c00000, 0x0000000084c00000| Untracked 
|  77|0x0000000084d00000, 0x0000000084d00000, 0x0000000084e00000|  0%| F|  |TAMS 0x0000000084d00000, 0x0000000084d00000| Untracked 
|  78|0x0000000084e00000, 0x0000000084e00000, 0x0000000084f00000|  0%| F|  |TAMS 0x0000000084e00000, 0x0000000084e00000| Untracked 
|  79|0x0000000084f00000, 0x0000000084f00000, 0x0000000085000000|  0%| F|  |TAMS 0x0000000084f00000, 0x0000000084f00000| Untracked 
|  80|0x0000000085000000, 0x0000000085000000, 0x0000000085100000|  0%| F|  |TAMS 0x0000000085000000, 0x0000000085000000| Untracked 
|  81|0x0000000085100000, 0x0000000085100000, 0x0000000085200000|  0%| F|  |TAMS 0x0000000085100000, 0x0000000085100000| Untracked 
|  82|0x0000000085200000, 0x0000000085200000, 0x0000000085300000|  0%| F|  |TAMS 0x0000000085200000, 0x0000000085200000| Untracked 
|  83|0x0000000085300000, 0x0000000085300000, 0x0000000085400000|  0%| F|  |TAMS 0x0000000085300000, 0x0000000085300000| Untracked 
|  84|0x0000000085400000, 0x0000000085400000, 0x0000000085500000|  0%| F|  |TAMS 0x0000000085400000, 0x0000000085400000| Untracked 
|  85|0x0000000085500000, 0x0000000085500000, 0x0000000085600000|  0%| F|  |TAMS 0x0000000085500000, 0x0000000085500000| Untracked 
|  86|0x0000000085600000, 0x0000000085600000, 0x0000000085700000|  0%| F|  |TAMS 0x0000000085600000, 0x0000000085600000| Untracked 
|  87|0x0000000085700000, 0x0000000085700000, 0x0000000085800000|  0%| F|  |TAMS 0x0000000085700000, 0x0000000085700000| Untracked 
|  88|0x0000000085800000, 0x0000000085800000, 0x0000000085900000|  0%| F|  |TAMS 0x0000000085800000, 0x0000000085800000| Untracked 
|  89|0x0000000085900000, 0x0000000085900000, 0x0000000085a00000|  0%| F|  |TAMS 0x0000000085900000, 0x0000000085900000| Untracked 
|  90|0x0000000085a00000, 0x0000000085a00000, 0x0000000085b00000|  0%| F|  |TAMS 0x0000000085a00000, 0x0000000085a00000| Untracked 
|  91|0x0000000085b00000, 0x0000000085b00000, 0x0000000085c00000|  0%| F|  |TAMS 0x0000000085b00000, 0x0000000085b00000| Untracked 
|  92|0x0000000085c00000, 0x0000000085c00000, 0x0000000085d00000|  0%| F|  |TAMS 0x0000000085c00000, 0x0000000085c00000| Untracked 
|  93|0x0000000085d00000, 0x0000000085d00000, 0x0000000085e00000|  0%| F|  |TAMS 0x0000000085d00000, 0x0000000085d00000| Untracked 
|  94|0x0000000085e00000, 0x0000000085e00000, 0x0000000085f00000|  0%| F|  |TAMS 0x0000000085e00000, 0x0000000085e00000| Untracked 
|  95|0x0000000085f00000, 0x0000000085f00000, 0x0000000086000000|  0%| F|  |TAMS 0x0000000085f00000, 0x0000000085f00000| Untracked 
|  96|0x0000000086000000, 0x0000000086000000, 0x0000000086100000|  0%| F|  |TAMS 0x0000000086000000, 0x0000000086000000| Untracked 
| 137|0x0000000088900000, 0x0000000088900000, 0x0000000088a00000|  0%| F|  |TAMS 0x0000000088900000, 0x0000000088900000| Untracked 
| 138|0x0000000088a00000, 0x0000000088a00000, 0x0000000088b00000|  0%| F|  |TAMS 0x0000000088a00000, 0x0000000088a00000| Untracked 
| 139|0x0000000088b00000, 0x0000000088b00000, 0x0000000088c00000|  0%| F|  |TAMS 0x0000000088b00000, 0x0000000088b00000| Untracked 
| 140|0x0000000088c00000, 0x0000000088c00000, 0x0000000088d00000|  0%| F|  |TAMS 0x0000000088c00000, 0x0000000088c00000| Untracked 
| 141|0x0000000088d00000, 0x0000000088d7e340, 0x0000000088e00000| 49%| E|  |TAMS 0x0000000088d00000, 0x0000000088d00000| Complete 
| 142|0x0000000088e00000, 0x0000000088f00000, 0x0000000088f00000|100%| E|CS|TAMS 0x0000000088e00000, 0x0000000088e00000| Complete 
| 143|0x0000000088f00000, 0x0000000089000000, 0x0000000089000000|100%| E|CS|TAMS 0x0000000088f00000, 0x0000000088f00000| Complete 
| 144|0x0000000089000000, 0x0000000089100000, 0x0000000089100000|100%| E|CS|TAMS 0x0000000089000000, 0x0000000089000000| Complete 
| 145|0x0000000089100000, 0x0000000089200000, 0x0000000089200000|100%| E|CS|TAMS 0x0000000089100000, 0x0000000089100000| Complete 
| 146|0x0000000089200000, 0x0000000089300000, 0x0000000089300000|100%| E|CS|TAMS 0x0000000089200000, 0x0000000089200000| Complete 
| 147|0x0000000089300000, 0x00000000893ead60, 0x0000000089400000| 91%| S|CS|TAMS 0x0000000089300000, 0x0000000089300000| Complete 
| 148|0x0000000089400000, 0x0000000089500000, 0x0000000089500000|100%| E|CS|TAMS 0x0000000089400000, 0x0000000089400000| Complete 
| 251|0x000000008fb00000, 0x000000008fc00000, 0x000000008fc00000|100%| E|CS|TAMS 0x000000008fb00000, 0x000000008fb00000| Complete 

Card table byte_map: [0x0000022ff7a10000,0x0000022ff7e10000] _byte_map_base: 0x0000022ff7610000

Marking Bits (Prev, Next): (CMBitMap*) 0x0000022fe0aca890, (CMBitMap*) 0x0000022fe0aca8d0
 Prev Bits: [0x0000022ff8210000, 0x0000022ffa210000)
 Next Bits: [0x0000022ffa210000, 0x0000022ffc210000)

Polling page: 0x0000022fe0260000

Metaspace:

Usage:
  Non-class:     50.39 MB used.
      Class:      8.10 MB used.
       Both:     58.49 MB used.

Virtual space:
  Non-class space:       56.00 MB reserved,      50.75 MB ( 91%) committed,  7 nodes.
      Class space:      412.00 MB reserved,       8.38 MB (  2%) committed,  1 nodes.
             Both:      468.00 MB reserved,      59.12 MB ( 13%) committed. 

Chunk freelists:
   Non-Class:  736.00 KB
       Class:  3.56 MB
        Both:  4.28 MB

MaxMetaspaceSize: 512.00 MB
CompressedClassSpaceSize: 412.00 MB
Initial GC threshold: 21.00 MB
Current GC threshold: 97.94 MB
CDS: on
MetaspaceReclaimPolicy: balanced
 - commit_granule_bytes: 65536.
 - commit_granule_words: 8192.
 - virtual_space_node_default_size: 1048576.
 - enlarge_chunks_in_place: 1.
 - new_chunks_are_fully_committed: 0.
 - uncommit_free_chunks: 1.
 - use_allocation_guard: 0.
 - handle_deallocations: 1.


Internal statistics:

num_allocs_failed_limit: 6.
num_arena_births: 718.
num_arena_deaths: 0.
num_vsnodes_births: 8.
num_vsnodes_deaths: 0.
num_space_committed: 946.
num_space_uncommitted: 0.
num_chunks_returned_to_freelist: 6.
num_chunks_taken_from_freelist: 3095.
num_chunk_merges: 6.
num_chunk_splits: 2078.
num_chunks_enlarged: 1421.
num_purges: 0.
num_inconsistent_stats: 0.

CodeHeap 'non-profiled nmethods': size=120000Kb used=4156Kb max_used=4156Kb free=115843Kb
 bounds [0x0000022fefdb0000, 0x0000022ff01c0000, 0x0000022ff72e0000]
CodeHeap 'profiled nmethods': size=120000Kb used=15947Kb max_used=15947Kb free=104052Kb
 bounds [0x0000022fe8880000, 0x0000022fe9820000, 0x0000022fefdb0000]
CodeHeap 'non-nmethods': size=5760Kb used=2373Kb max_used=2404Kb free=3386Kb
 bounds [0x0000022fe82e0000, 0x0000022fe8550000, 0x0000022fe8880000]
 total_blobs=8791 nmethods=7907 adapters=796
 compilation: enabled
              stopped_count=0, restarted_count=0
 full_count=0

Compilation events (20 events):
Event: 32.620 Thread 0x0000022ffec53070 nmethod 8649 0x0000022ff01bbf90 code [0x0000022ff01bc100, 0x0000022ff01bc158]
Event: 32.623 Thread 0x0000022ffec53a20 8663       3       com.google.common.collect.MapMakerInternalMap$WeakKeyDummyValueEntry$Helper::copy (17 bytes)
Event: 32.623 Thread 0x0000022ffec53a20 nmethod 8663 0x0000022fe9808a10 code [0x0000022fe9808be0, 0x0000022fe9809288]
Event: 32.623 Thread 0x0000022ffec53a20 8664       3       com.google.common.collect.MapMakerInternalMap$WeakKeyDummyValueEntry$Helper::copy (19 bytes)
Event: 32.624 Thread 0x0000022ffec53a20 nmethod 8664 0x0000022fe9809410 code [0x0000022fe98095c0, 0x0000022fe9809948]
Event: 32.624 Thread 0x0000022ffec53a20 8665       3       com.google.common.collect.MapMakerInternalMap$WeakKeyDummyValueEntry::copy (18 bytes)
Event: 32.624 Thread 0x0000022ffec53a20 nmethod 8665 0x0000022fe9809a90 code [0x0000022fe9809c40, 0x0000022fe9809fa8]
Event: 32.625 Thread 0x0000022ffec53a20 8666       3       java.lang.StringLatin1::compareToCI (108 bytes)
Event: 32.626 Thread 0x0000022ffec53070 8667       4       java.util.stream.ReduceOps$3ReducingSink::accept (15 bytes)
Event: 32.626 Thread 0x0000022ffec53a20 nmethod 8666 0x0000022fe980a090 code [0x0000022fe980a2e0, 0x0000022fe980abb8]
Event: 32.626 Thread 0x0000022ffec53070 nmethod 8667 0x0000022ff01bc290 code [0x0000022ff01bc400, 0x0000022ff01bc4b8]
Event: 32.626 Thread 0x0000022ffec53a20 8668       3       org.gradle.cache.internal.btree.BTreePersistentIndexedCache$DataBlockUpdateResult::isFailed (13 bytes)
Event: 32.627 Thread 0x0000022ffec53a20 nmethod 8668 0x0000022fe980b010 code [0x0000022fe980b1a0, 0x0000022fe980b318]
Event: 32.632 Thread 0x0000022ffec53a20 8669       3       org.gradle.internal.reflect.PropertyAccessorType::of (95 bytes)
Event: 32.634 Thread 0x0000022ffec53a20 nmethod 8669 0x0000022fe980b390 code [0x0000022fe980b6a0, 0x0000022fe980cc58]
Event: 32.635 Thread 0x0000022ffec53a20 8670       1       org.codehaus.groovy.runtime.metaclass.NewInstanceMetaMethod::getModifiers (2 bytes)
Event: 32.635 Thread 0x0000022ffec53a20 nmethod 8670 0x0000022ff01bc590 code [0x0000022ff01bc720, 0x0000022ff01bc7f8]
Event: 32.640 Thread 0x0000022ffec53070 8671       4       org.codehaus.groovy.reflection.CachedClass::hashCode (33 bytes)
Event: 32.642 Thread 0x0000022ffec53070 nmethod 8671 0x0000022ff01bc890 code [0x0000022ff01bca20, 0x0000022ff01bcb08]
Event: 32.642 Thread 0x0000022ffec53070 8672       4       groovy.lang.MetaClassImpl::filterPropertyMethod (305 bytes)

GC Heap History (20 events):
Event: 24.305 GC heap before
{Heap before GC invocations=17 (full 0):
 garbage-first heap   total 75776K, used 62017K [0x0000000080000000, 0x0000000100000000)
  region size 1024K, 20 young (20480K), 2 survivors (2048K)
 Metaspace       used 50660K, committed 51200K, reserved 471040K
  class space    used 7058K, committed 7296K, reserved 421888K
}
Event: 24.310 GC heap after
{Heap after GC invocations=18 (full 0):
 garbage-first heap   total 75776K, used 44284K [0x0000000080000000, 0x0000000100000000)
  region size 1024K, 2 young (2048K), 2 survivors (2048K)
 Metaspace       used 50660K, committed 51200K, reserved 471040K
  class space    used 7058K, committed 7296K, reserved 421888K
}
Event: 25.298 GC heap before
{Heap before GC invocations=19 (full 0):
 garbage-first heap   total 78848K, used 62716K [0x0000000080000000, 0x0000000100000000)
  region size 1024K, 20 young (20480K), 2 survivors (2048K)
 Metaspace       used 51997K, committed 52480K, reserved 471040K
  class space    used 7219K, committed 7424K, reserved 421888K
}
Event: 25.303 GC heap after
{Heap after GC invocations=20 (full 0):
 garbage-first heap   total 78848K, used 45276K [0x0000000080000000, 0x0000000100000000)
  region size 1024K, 3 young (3072K), 3 survivors (3072K)
 Metaspace       used 51997K, committed 52480K, reserved 471040K
  class space    used 7219K, committed 7424K, reserved 421888K
}
Event: 26.474 GC heap before
{Heap before GC invocations=20 (full 0):
 garbage-first heap   total 78848K, used 65756K [0x0000000080000000, 0x0000000100000000)
  region size 1024K, 23 young (23552K), 3 survivors (3072K)
 Metaspace       used 53334K, committed 53952K, reserved 471040K
  class space    used 7417K, committed 7680K, reserved 421888K
}
Event: 26.479 GC heap after
{Heap after GC invocations=21 (full 0):
 garbage-first heap   total 78848K, used 47136K [0x0000000080000000, 0x0000000100000000)
  region size 1024K, 3 young (3072K), 3 survivors (3072K)
 Metaspace       used 53334K, committed 53952K, reserved 471040K
  class space    used 7417K, committed 7680K, reserved 421888K
}
Event: 28.120 GC heap before
{Heap before GC invocations=22 (full 0):
 garbage-first heap   total 83968K, used 64544K [0x0000000080000000, 0x0000000100000000)
  region size 1024K, 20 young (20480K), 3 survivors (3072K)
 Metaspace       used 54137K, committed 54720K, reserved 471040K
  class space    used 7507K, committed 7744K, reserved 421888K
}
Event: 28.125 GC heap after
{Heap after GC invocations=23 (full 0):
 garbage-first heap   total 83968K, used 48999K [0x0000000080000000, 0x0000000100000000)
  region size 1024K, 3 young (3072K), 3 survivors (3072K)
 Metaspace       used 54137K, committed 54720K, reserved 471040K
  class space    used 7507K, committed 7744K, reserved 421888K
}
Event: 28.812 GC heap before
{Heap before GC invocations=23 (full 0):
 garbage-first heap   total 83968K, used 67431K [0x0000000080000000, 0x0000000100000000)
  region size 1024K, 22 young (22528K), 3 survivors (3072K)
 Metaspace       used 55955K, committed 56512K, reserved 479232K
  class space    used 7790K, committed 8000K, reserved 421888K
}
Event: 28.823 GC heap after
{Heap after GC invocations=24 (full 0):
 garbage-first heap   total 83968K, used 51653K [0x0000000080000000, 0x0000000100000000)
  region size 1024K, 3 young (3072K), 3 survivors (3072K)
 Metaspace       used 55955K, committed 56512K, reserved 479232K
  class space    used 7790K, committed 8000K, reserved 421888K
}
Event: 29.262 GC heap before
{Heap before GC invocations=25 (full 0):
 garbage-first heap   total 91136K, used 68037K [0x0000000080000000, 0x0000000100000000)
  region size 1024K, 20 young (20480K), 3 survivors (3072K)
 Metaspace       used 57664K, committed 58240K, reserved 479232K
  class space    used 7987K, committed 8256K, reserved 421888K
}
Event: 29.269 GC heap after
{Heap after GC invocations=26 (full 0):
 garbage-first heap   total 91136K, used 54241K [0x0000000080000000, 0x0000000100000000)
  region size 1024K, 3 young (3072K), 3 survivors (3072K)
 Metaspace       used 57664K, committed 58240K, reserved 479232K
  class space    used 7987K, committed 8256K, reserved 421888K
}
Event: 31.602 GC heap before
{Heap before GC invocations=26 (full 0):
 garbage-first heap   total 91136K, used 72673K [0x0000000080000000, 0x0000000100000000)
  region size 1024K, 22 young (22528K), 3 survivors (3072K)
 Metaspace       used 59178K, committed 59840K, reserved 479232K
  class space    used 8209K, committed 8512K, reserved 421888K
}
Event: 31.608 GC heap after
{Heap after GC invocations=27 (full 0):
 garbage-first heap   total 91136K, used 56214K [0x0000000080000000, 0x0000000100000000)
  region size 1024K, 2 young (2048K), 2 survivors (2048K)
 Metaspace       used 59178K, committed 59840K, reserved 479232K
  class space    used 8209K, committed 8512K, reserved 421888K
}
Event: 32.361 GC heap before
{Heap before GC invocations=28 (full 0):
 garbage-first heap   total 101376K, used 76694K [0x0000000080000000, 0x0000000100000000)
  region size 1024K, 20 young (20480K), 2 survivors (2048K)
 Metaspace       used 59495K, committed 60160K, reserved 479232K
  class space    used 8235K, committed 8512K, reserved 421888K
}
Event: 32.366 GC heap after
{Heap after GC invocations=29 (full 0):
 garbage-first heap   total 101376K, used 63203K [0x0000000080000000, 0x0000000100000000)
  region size 1024K, 3 young (3072K), 3 survivors (3072K)
 Metaspace       used 59495K, committed 60160K, reserved 479232K
  class space    used 8235K, committed 8512K, reserved 421888K
}
Event: 32.401 GC heap before
{Heap before GC invocations=29 (full 0):
 garbage-first heap   total 101376K, used 64227K [0x0000000080000000, 0x0000000100000000)
  region size 1024K, 4 young (4096K), 3 survivors (3072K)
 Metaspace       used 59495K, committed 60160K, reserved 479232K
  class space    used 8235K, committed 8512K, reserved 421888K
}
Event: 32.404 GC heap after
{Heap after GC invocations=30 (full 0):
 garbage-first heap   total 101376K, used 63192K [0x0000000080000000, 0x0000000100000000)
  region size 1024K, 1 young (1024K), 1 survivors (1024K)
 Metaspace       used 59495K, committed 60160K, reserved 479232K
  class space    used 8235K, committed 8512K, reserved 421888K
}
Event: 32.410 GC heap before
{Heap before GC invocations=30 (full 0):
 garbage-first heap   total 101376K, used 63192K [0x0000000080000000, 0x0000000100000000)
  region size 1024K, 2 young (2048K), 1 survivors (1024K)
 Metaspace       used 59495K, committed 60160K, reserved 479232K
  class space    used 8235K, committed 8512K, reserved 421888K
}
Event: 32.414 GC heap after
{Heap after GC invocations=31 (full 0):
 garbage-first heap   total 101376K, used 63281K [0x0000000080000000, 0x0000000100000000)
  region size 1024K, 1 young (1024K), 1 survivors (1024K)
 Metaspace       used 59495K, committed 60160K, reserved 479232K
  class space    used 8235K, committed 8512K, reserved 421888K
}

Deoptimization events (20 events):
Event: 31.784 Thread 0x0000022f81350330 Uncommon trap: trap_request=0xffffff45 fr.pc=0x0000022ff016bf00 relative=0x0000000000000320
Event: 31.784 Thread 0x0000022f81350330 Uncommon trap: reason=unstable_if action=reinterpret pc=0x0000022ff016bf00 method=org.objectweb.asm.Attribute.putAttributes(Lorg/objectweb/asm/SymbolTable;IILorg/objectweb/asm/ByteVector;)V @ 59 c2
Event: 31.784 Thread 0x0000022f81350330 DEOPT PACKING pc=0x0000022ff016bf00 sp=0x0000003a79efe410
Event: 31.784 Thread 0x0000022f81350330 DEOPT UNPACKING pc=0x0000022fe8335c23 sp=0x0000003a79efe3c0 mode 2
Event: 31.961 Thread 0x0000022f81290a90 Uncommon trap: trap_request=0xffffff76 fr.pc=0x0000022ff0187ea0 relative=0x0000000000000180
Event: 31.961 Thread 0x0000022f81290a90 Uncommon trap: reason=predicate action=maybe_recompile pc=0x0000022ff0187ea0 method=java.util.Collections.indexedBinarySearch(Ljava/util/List;Ljava/lang/Object;)I @ 13 c2
Event: 31.961 Thread 0x0000022f81290a90 DEOPT PACKING pc=0x0000022ff0187ea0 sp=0x0000003a788fe760
Event: 31.962 Thread 0x0000022f81290a90 DEOPT UNPACKING pc=0x0000022fe8335c23 sp=0x0000003a788fe6e0 mode 2
Event: 32.195 Thread 0x0000022f8128f280 DEOPT PACKING pc=0x0000022fe918c0d9 sp=0x0000003a782f9c40
Event: 32.195 Thread 0x0000022f8128f280 DEOPT UNPACKING pc=0x0000022fe8336763 sp=0x0000003a782f9138 mode 0
Event: 32.200 Thread 0x0000022f8128f280 DEOPT PACKING pc=0x0000022fe8908583 sp=0x0000003a782f9cc0
Event: 32.200 Thread 0x0000022f8128f280 DEOPT UNPACKING pc=0x0000022fe8336763 sp=0x0000003a782f91f8 mode 0
Event: 32.202 Thread 0x0000022f8128f280 DEOPT PACKING pc=0x0000022fe918c0d9 sp=0x0000003a782f9c40
Event: 32.202 Thread 0x0000022f8128f280 DEOPT UNPACKING pc=0x0000022fe8336763 sp=0x0000003a782f9138 mode 0
Event: 32.218 Thread 0x0000022f8128f280 DEOPT PACKING pc=0x0000022fe89b16bb sp=0x0000003a782f9ea0
Event: 32.218 Thread 0x0000022f8128f280 DEOPT UNPACKING pc=0x0000022fe8336763 sp=0x0000003a782f9468 mode 0
Event: 32.631 Thread 0x0000022f8128f280 Uncommon trap: trap_request=0xffffff45 fr.pc=0x0000022feff9bfd4 relative=0x0000000000000314
Event: 32.631 Thread 0x0000022f8128f280 Uncommon trap: reason=unstable_if action=reinterpret pc=0x0000022feff9bfd4 method=org.gradle.internal.reflect.PropertyAccessorType.of(Ljava/lang/reflect/Method;)Lorg/gradle/internal/reflect/PropertyAccessorType; @ 56 c2
Event: 32.631 Thread 0x0000022f8128f280 DEOPT PACKING pc=0x0000022feff9bfd4 sp=0x0000003a782f9f30
Event: 32.631 Thread 0x0000022f8128f280 DEOPT UNPACKING pc=0x0000022fe8335c23 sp=0x0000003a782f9ef0 mode 2

Classes unloaded (0 events):
No events

Classes redefined (0 events):
No events

Internal exceptions (20 events):
Event: 31.887 Thread 0x0000022f81350330 Exception <a 'sun/nio/fs/WindowsException'{0x0000000088e81990}> (0x0000000088e81990) 
thrown [t:\workspace\open\src\hotspot\share\prims\jni.cpp, line 516]
Event: 31.889 Thread 0x0000022f81350330 Exception <a 'sun/nio/fs/WindowsException'{0x0000000088e81be8}> (0x0000000088e81be8) 
thrown [t:\workspace\open\src\hotspot\share\prims\jni.cpp, line 516]
Event: 32.223 Thread 0x0000022f8128f280 Exception <a 'java/lang/ClassNotFoundException'{0x0000000088a85fc0}: build_5t4sbcjrwzt4wib45axaqd8nzBeanInfo> (0x0000000088a85fc0) 
thrown [t:\workspace\open\src\hotspot\share\classfile\systemDictionary.cpp, line 256]
Event: 32.223 Thread 0x0000022f8128f280 Exception <a 'java/lang/ClassNotFoundException'{0x0000000088a8c5b0}: build_5t4sbcjrwzt4wib45axaqd8nzCustomizer> (0x0000000088a8c5b0) 
thrown [t:\workspace\open\src\hotspot\share\classfile\systemDictionary.cpp, line 256]
Event: 32.470 Thread 0x0000022f8128f280 Exception <a 'java/lang/ClassNotFoundException'{0x0000000089435900}: org/gradle/api/internal/artifacts/repositories/DefaultMavenArtifactRepository_DecoratedBeanInfo> (0x0000000089435900) 
thrown [t:\workspace\open\src\hotspot\share\classfile\systemDictionary.cpp, line 256]
Event: 32.472 Thread 0x0000022f8128f280 Exception <a 'java/lang/ClassNotFoundException'{0x0000000089454d68}: org/gradle/api/internal/artifacts/repositories/DefaultMavenArtifactRepositoryBeanInfo> (0x0000000089454d68) 
thrown [t:\workspace\open\src\hotspot\share\classfile\systemDictionary.cpp, line 256]
Event: 32.483 Thread 0x0000022f8128f280 Exception <a 'java/lang/ClassNotFoundException'{0x000000008947e430}: org/gradle/api/internal/artifacts/repositories/AbstractAuthenticationSupportedRepositoryBeanInfo> (0x000000008947e430) 
thrown [t:\workspace\open\src\hotspot\share\classfile\systemDictionary.cpp, line 256]
Event: 32.486 Thread 0x0000022f8128f280 Exception <a 'java/lang/ClassNotFoundException'{0x000000008949e0c8}: org/gradle/api/internal/artifacts/repositories/AbstractResolutionAwareArtifactRepositoryBeanInfo> (0x000000008949e0c8) 
thrown [t:\workspace\open\src\hotspot\share\classfile\systemDictionary.cpp, line 256]
Event: 32.488 Thread 0x0000022f8128f280 Exception <a 'java/lang/ClassNotFoundException'{0x00000000894bda48}: org/gradle/api/internal/artifacts/repositories/AbstractArtifactRepositoryBeanInfo> (0x00000000894bda48) 
thrown [t:\workspace\open\src\hotspot\share\classfile\systemDictionary.cpp, line 256]
Event: 32.490 Thread 0x0000022f8128f280 Exception <a 'java/lang/ClassNotFoundException'{0x00000000894dd120}: org/gradle/api/internal/artifacts/repositories/AbstractArtifactRepositoryCustomizer> (0x00000000894dd120) 
thrown [t:\workspace\open\src\hotspot\share\classfile\systemDictionary.cpp, line 256]
Event: 32.502 Thread 0x0000022f8128f280 Exception <a 'java/lang/ClassNotFoundException'{0x0000000089219168}: org/gradle/api/internal/artifacts/repositories/AbstractResolutionAwareArtifactRepositoryCustomizer> (0x0000000089219168) 
thrown [t:\workspace\open\src\hotspot\share\classfile\systemDictionary.cpp, line 256]
Event: 32.504 Thread 0x0000022f8128f280 Exception <a 'java/lang/ClassNotFoundException'{0x00000000892418e8}: org/gradle/api/internal/artifacts/repositories/AbstractAuthenticationSupportedRepositoryCustomizer> (0x00000000892418e8) 
thrown [t:\workspace\open\src\hotspot\share\classfile\systemDictionary.cpp, line 256]
Event: 32.508 Thread 0x0000022f8128f280 Exception <a 'java/lang/ClassNotFoundException'{0x0000000089271fd8}: org/gradle/api/internal/artifacts/repositories/DefaultMavenArtifactRepositoryCustomizer> (0x0000000089271fd8) 
thrown [t:\workspace\open\src\hotspot\share\classfile\systemDictionary.cpp, line 256]
Event: 32.511 Thread 0x0000022f8128f280 Exception <a 'java/lang/ClassNotFoundException'{0x00000000892a9678}: org/gradle/api/internal/artifacts/repositories/DefaultMavenArtifactRepository_DecoratedCustomizer> (0x00000000892a9678) 
thrown [t:\workspace\open\src\hotspot\share\classfile\systemDictionary.cpp, line 256]
Event: 32.529 Thread 0x0000022f8128f280 Exception <a 'java/lang/ClassNotFoundException'{0x00000000891757c0}: org/gradle/api/internal/artifacts/repositories/DefaultMavenRepositoryContentDescriptorBeanInfo> (0x00000000891757c0) 
thrown [t:\workspace\open\src\hotspot\share\classfile\systemDictionary.cpp, line 256]
Event: 32.531 Thread 0x0000022f8128f280 Exception <a 'java/lang/ClassNotFoundException'{0x00000000891973d8}: org/gradle/api/internal/artifacts/repositories/DefaultRepositoryContentDescriptorBeanInfo> (0x00000000891973d8) 
thrown [t:\workspace\open\src\hotspot\share\classfile\systemDictionary.cpp, line 256]
Event: 32.535 Thread 0x0000022f8128f280 Exception <a 'java/lang/ClassNotFoundException'{0x00000000891b8da8}: org/gradle/api/internal/artifacts/repositories/DefaultRepositoryContentDescriptorCustomizer> (0x00000000891b8da8) 
thrown [t:\workspace\open\src\hotspot\share\classfile\systemDictionary.cpp, line 256]
Event: 32.538 Thread 0x0000022f8128f280 Exception <a 'java/lang/ClassNotFoundException'{0x00000000891e68f0}: org/gradle/api/internal/artifacts/repositories/DefaultMavenRepositoryContentDescriptorCustomizer> (0x00000000891e68f0) 
thrown [t:\workspace\open\src\hotspot\share\classfile\systemDictionary.cpp, line 256]
Event: 32.638 Thread 0x0000022f8128f280 Exception <a 'java/lang/ClassNotFoundException'{0x0000000088f70550}: build_bt05wpa2vveebyyjobx6nrnbyBeanInfo> (0x0000000088f70550) 
thrown [t:\workspace\open\src\hotspot\share\classfile\systemDictionary.cpp, line 256]
Event: 32.639 Thread 0x0000022f8128f280 Exception <a 'java/lang/ClassNotFoundException'{0x0000000088f763a8}: build_bt05wpa2vveebyyjobx6nrnbyCustomizer> (0x0000000088f763a8) 
thrown [t:\workspace\open\src\hotspot\share\classfile\systemDictionary.cpp, line 256]

VM Operations (20 events):
Event: 31.657 Executing VM operation: HandshakeAllThreads
Event: 31.658 Executing VM operation: HandshakeAllThreads done
Event: 31.677 Executing VM operation: G1Concurrent
Event: 31.687 Executing VM operation: G1Concurrent done
Event: 31.692 Executing VM operation: HandshakeAllThreads
Event: 31.692 Executing VM operation: HandshakeAllThreads done
Event: 31.717 Executing VM operation: G1Concurrent
Event: 31.729 Executing VM operation: G1Concurrent done
Event: 32.361 Executing VM operation: G1CollectForAllocation
Event: 32.366 Executing VM operation: G1CollectForAllocation done
Event: 32.401 Executing VM operation: G1CollectForAllocation
Event: 32.404 Executing VM operation: G1CollectForAllocation done
Event: 32.410 Executing VM operation: G1TryInitiateConcMark
Event: 32.414 Executing VM operation: G1TryInitiateConcMark done
Event: 32.492 Executing VM operation: G1Concurrent
Event: 32.499 Executing VM operation: G1Concurrent done
Event: 32.531 Executing VM operation: G1Concurrent
Event: 32.531 Executing VM operation: G1Concurrent done
Event: 32.621 Executing VM operation: ICBufferFull
Event: 32.622 Executing VM operation: ICBufferFull done

Events (20 events):
Event: 31.339 Thread 0x0000022f83f78240 Thread added: 0x0000022f83f78240
Event: 31.340 Thread 0x0000022f83f78be0 Thread added: 0x0000022f83f78be0
Event: 31.340 Thread 0x0000022f83f756f0 Thread added: 0x0000022f83f756f0
Event: 31.340 Thread 0x0000022f83f75bc0 Thread added: 0x0000022f83f75bc0
Event: 31.340 Thread 0x0000022f83f790b0 Thread added: 0x0000022f83f790b0
Event: 31.340 Thread 0x0000022f83f76090 Thread added: 0x0000022f83f76090
Event: 31.343 Thread 0x0000022f84d5c2f0 Thread added: 0x0000022f84d5c2f0
Event: 31.360 Thread 0x0000022f84d5b480 Thread added: 0x0000022f84d5b480
Event: 31.360 Thread 0x0000022f84d597a0 Thread added: 0x0000022f84d597a0
Event: 31.360 Thread 0x0000022f84d5aae0 Thread added: 0x0000022f84d5aae0
Event: 31.361 Thread 0x0000022f84d59c70 Thread added: 0x0000022f84d59c70
Event: 31.361 Thread 0x0000022f84d5d160 Thread added: 0x0000022f84d5d160
Event: 31.362 Thread 0x0000022f84d5d630 Thread added: 0x0000022f84d5d630
Event: 31.438 Thread 0x0000022f83857ed0 Thread added: 0x0000022f83857ed0
Event: 31.656 loading class sun/nio/fs/WindowsException
Event: 31.656 loading class sun/nio/fs/WindowsException done
Event: 31.886 loading class java/nio/file/StandardCopyOption
Event: 31.886 loading class java/nio/file/StandardCopyOption done
Event: 31.886 loading class sun/nio/fs/WindowsFileCopy
Event: 31.886 loading class sun/nio/fs/WindowsFileCopy done


Dynamic libraries:
0x00007ff7d9cf0000 - 0x00007ff7d9d00000 	C:\Program Files\Java\jdk-17.0.2\bin\java.exe
0x00007ffd73240000 - 0x00007ffd73449000 	C:\WINDOWS\SYSTEM32\ntdll.dll
0x00007ffd71f50000 - 0x00007ffd7200d000 	C:\WINDOWS\System32\KERNEL32.DLL
0x00007ffd70790000 - 0x00007ffd70b09000 	C:\WINDOWS\System32\KERNELBASE.dll
0x00007ffd70ef0000 - 0x00007ffd71001000 	C:\WINDOWS\System32\ucrtbase.dll
0x00007ffd41200000 - 0x00007ffd41218000 	C:\Program Files\Java\jdk-17.0.2\bin\jli.dll
0x00007ffd72ef0000 - 0x00007ffd72f9e000 	C:\WINDOWS\System32\ADVAPI32.dll
0x00007ffd47740000 - 0x00007ffd4775a000 	C:\Program Files\Java\jdk-17.0.2\bin\VCRUNTIME140.dll
0x00007ffd71a90000 - 0x00007ffd71b33000 	C:\WINDOWS\System32\msvcrt.dll
0x00007ffd72ad0000 - 0x00007ffd72b6e000 	C:\WINDOWS\System32\sechost.dll
0x00007ffd729b0000 - 0x00007ffd72ad0000 	C:\WINDOWS\System32\RPCRT4.dll
0x00007ffd72d30000 - 0x00007ffd72edc000 	C:\WINDOWS\System32\USER32.dll
0x00007ffd70b10000 - 0x00007ffd70b36000 	C:\WINDOWS\System32\win32u.dll
0x00007ffd72b70000 - 0x00007ffd72b99000 	C:\WINDOWS\System32\GDI32.dll
0x00007ffd70b40000 - 0x00007ffd70c52000 	C:\WINDOWS\System32\gdi32full.dll
0x00007ffd70ce0000 - 0x00007ffd70d7d000 	C:\WINDOWS\System32\msvcp_win.dll
0x00007ffd5b320000 - 0x00007ffd5b5c5000 	C:\WINDOWS\WinSxS\amd64_microsoft.windows.common-controls_6595b64144ccf1df_6.0.22000.120_none_9d947278b86cc467\COMCTL32.dll
0x00007ffd6ad90000 - 0x00007ffd6ad9a000 	C:\WINDOWS\SYSTEM32\VERSION.dll
0x00007ffd71a50000 - 0x00007ffd71a81000 	C:\WINDOWS\System32\IMM32.DLL
0x00007ffd549e0000 - 0x00007ffd549ec000 	C:\Program Files\Java\jdk-17.0.2\bin\vcruntime140_1.dll
0x00007ffd1f500000 - 0x00007ffd1f58d000 	C:\Program Files\Java\jdk-17.0.2\bin\msvcp140.dll
0x00007ffcd89e0000 - 0x00007ffcd95a1000 	C:\Program Files\Java\jdk-17.0.2\bin\server\jvm.dll
0x00007ffd71560000 - 0x00007ffd71568000 	C:\WINDOWS\System32\PSAPI.DLL
0x00007ffd5bd20000 - 0x00007ffd5bd29000 	C:\WINDOWS\SYSTEM32\WSOCK32.dll
0x00007ffd6adc0000 - 0x00007ffd6adf3000 	C:\WINDOWS\SYSTEM32\WINMM.dll
0x00007ffd719e0000 - 0x00007ffd71a4f000 	C:\WINDOWS\System32\WS2_32.dll
0x00007ffd6f820000 - 0x00007ffd6f838000 	C:\WINDOWS\SYSTEM32\kernel.appcore.dll
0x00007ffd54640000 - 0x00007ffd5464a000 	C:\Program Files\Java\jdk-17.0.2\bin\jimage.dll
0x00007ffd6e1b0000 - 0x00007ffd6e3d1000 	C:\WINDOWS\SYSTEM32\DBGHELP.DLL
0x00007ffd5ece0000 - 0x00007ffd5ed11000 	C:\WINDOWS\SYSTEM32\dbgcore.DLL
0x00007ffd70c60000 - 0x00007ffd70cdf000 	C:\WINDOWS\System32\bcryptPrimitives.dll
0x00007ffd2d260000 - 0x00007ffd2d285000 	C:\Program Files\Java\jdk-17.0.2\bin\java.dll
0x00007ffd10e10000 - 0x00007ffd10ee6000 	C:\Program Files\Java\jdk-17.0.2\bin\jsvml.dll
0x00007ffd72040000 - 0x00007ffd727f8000 	C:\WINDOWS\System32\SHELL32.dll
0x00007ffd6e890000 - 0x00007ffd6f0f7000 	C:\WINDOWS\SYSTEM32\windows.storage.dll
0x00007ffd71570000 - 0x00007ffd718e9000 	C:\WINDOWS\System32\combase.dll
0x00007ffd6e720000 - 0x00007ffd6e886000 	C:\WINDOWS\SYSTEM32\wintypes.dll
0x00007ffd71b40000 - 0x00007ffd71c2a000 	C:\WINDOWS\System32\SHCORE.dll
0x00007ffd72fa0000 - 0x00007ffd72ffd000 	C:\WINDOWS\System32\shlwapi.dll
0x00007ffd70650000 - 0x00007ffd70671000 	C:\WINDOWS\SYSTEM32\profapi.dll
0x00007ffd3f840000 - 0x00007ffd3f859000 	C:\Program Files\Java\jdk-17.0.2\bin\net.dll
0x00007ffd6a3c0000 - 0x00007ffd6a4cc000 	C:\WINDOWS\SYSTEM32\WINHTTP.dll
0x00007ffd6fc50000 - 0x00007ffd6fcb7000 	C:\WINDOWS\system32\mswsock.dll
0x00007ffd38c60000 - 0x00007ffd38c76000 	C:\Program Files\Java\jdk-17.0.2\bin\nio.dll
0x00007ffd34d90000 - 0x00007ffd34da8000 	C:\Program Files\Java\jdk-17.0.2\bin\zip.dll
0x00007ffd4b7e0000 - 0x00007ffd4b7f0000 	C:\Program Files\Java\jdk-17.0.2\bin\verify.dll
0x00007ffd2dc80000 - 0x00007ffd2dca7000 	C:\Users\zaida\.gradle\native\e1d6ef7f7dcc3fd88c89a11ec53ec762bb8ba0a96d01ffa2cd45eb1d1d8dd5c5\windows-amd64\native-platform.dll
0x00007ffd0c040000 - 0x00007ffd0c184000 	C:\Users\zaida\.gradle\native\5664cfc778a61ccfe75a443a1ab52a65af34e5dc3c78e0209fed803814484fcb\windows-amd64\native-platform-file-events.dll
0x00007ffd4b670000 - 0x00007ffd4b679000 	C:\Program Files\Java\jdk-17.0.2\bin\management.dll
0x00007ffd4b020000 - 0x00007ffd4b02b000 	C:\Program Files\Java\jdk-17.0.2\bin\management_ext.dll
0x00007ffd6fe90000 - 0x00007ffd6fea8000 	C:\WINDOWS\SYSTEM32\CRYPTSP.dll
0x00007ffd6f780000 - 0x00007ffd6f7b5000 	C:\WINDOWS\system32\rsaenh.dll
0x00007ffd6fd40000 - 0x00007ffd6fd69000 	C:\WINDOWS\SYSTEM32\USERENV.dll
0x00007ffd70080000 - 0x00007ffd700a7000 	C:\WINDOWS\SYSTEM32\bcrypt.dll
0x00007ffd6feb0000 - 0x00007ffd6febc000 	C:\WINDOWS\SYSTEM32\CRYPTBASE.dll
0x00007ffd6f350000 - 0x00007ffd6f37d000 	C:\WINDOWS\SYSTEM32\IPHLPAPI.DLL
0x00007ffd72800000 - 0x00007ffd72809000 	C:\WINDOWS\System32\NSI.dll
0x00007ffd6ad50000 - 0x00007ffd6ad69000 	C:\WINDOWS\SYSTEM32\dhcpcsvc6.DLL
0x00007ffd6b400000 - 0x00007ffd6b41e000 	C:\WINDOWS\SYSTEM32\dhcpcsvc.DLL
0x00007ffd6f3c0000 - 0x00007ffd6f4a8000 	C:\WINDOWS\SYSTEM32\DNSAPI.dll
0x00007ffd4ac40000 - 0x00007ffd4ac4e000 	C:\Program Files\Java\jdk-17.0.2\bin\sunmscapi.dll
0x00007ffd70d80000 - 0x00007ffd70ee2000 	C:\WINDOWS\System32\CRYPT32.dll
0x00007ffd70050000 - 0x00007ffd70078000 	C:\WINDOWS\SYSTEM32\ncrypt.dll
0x00007ffd70010000 - 0x00007ffd70047000 	C:\WINDOWS\SYSTEM32\NTASN1.dll
0x00007ffd4add0000 - 0x00007ffd4add8000 	C:\WINDOWS\system32\wshunix.dll

dbghelp: loaded successfully - version: 4.0.5 - missing functions: none
symbol engine: initialized successfully - sym options: 0x614 - pdb path: .;C:\Program Files\Java\jdk-17.0.2\bin;C:\WINDOWS\SYSTEM32;C:\WINDOWS\WinSxS\amd64_microsoft.windows.common-controls_6595b64144ccf1df_6.0.22000.120_none_9d947278b86cc467;C:\Program Files\Java\jdk-17.0.2\bin\server;C:\Users\zaida\.gradle\native\e1d6ef7f7dcc3fd88c89a11ec53ec762bb8ba0a96d01ffa2cd45eb1d1d8dd5c5\windows-amd64;C:\Users\zaida\.gradle\native\5664cfc778a61ccfe75a443a1ab52a65af34e5dc3c78e0209fed803814484fcb\windows-amd64

VM Arguments:
jvm_args: -XX:MaxMetaspaceSize=512m --add-opens=java.base/java.util=ALL-UNNAMED --add-opens=java.base/java.lang=ALL-UNNAMED --add-opens=java.base/java.lang.invoke=ALL-UNNAMED --add-opens=java.base/java.util=ALL-UNNAMED --add-opens=java.prefs/java.util.prefs=ALL-UNNAMED --add-opens=java.prefs/java.util.prefs=ALL-UNNAMED --add-opens=java.base/java.nio.charset=ALL-UNNAMED --add-opens=java.base/java.net=ALL-UNNAMED --add-opens=java.base/java.util.concurrent.atomic=ALL-UNNAMED -Xmx2048m -Dfile.encoding=windows-1252 -Duser.country=FR -Duser.language=fr -Duser.variant 
java_command: org.gradle.launcher.daemon.bootstrap.GradleDaemon 7.3.3
java_class_path (initial): C:\Users\zaida\.gradle\wrapper\dists\gradle-7.3.3-all\4295vidhdd9hd3gbjyw1xqxpo\gradle-7.3.3\lib\gradle-launcher-7.3.3.jar
Launcher Type: SUN_STANDARD

[Global flags]
     intx CICompilerCount                          = 4                                         {product} {ergonomic}
   size_t CompressedClassSpaceSize                 = 432013312                                 {product} {ergonomic}
     uint ConcGCThreads                            = 2                                         {product} {ergonomic}
     uint G1ConcRefinementThreads                  = 8                                         {product} {ergonomic}
   size_t G1HeapRegionSize                         = 1048576                                   {product} {ergonomic}
    uintx GCDrainStackTargetSize                   = 64                                        {product} {ergonomic}
   size_t InitialHeapSize                          = 264241152                                 {product} {ergonomic}
   size_t MarkStackSize                            = 4194304                                   {product} {ergonomic}
   size_t MaxHeapSize                              = 2147483648                                {product} {command line}
   size_t MaxMetaspaceSize                         = 536870912                                 {product} {command line}
   size_t MaxNewSize                               = 1287651328                                {product} {ergonomic}
   size_t MinHeapDeltaBytes                        = 1048576                                   {product} {ergonomic}
   size_t MinHeapSize                              = 8388608                                   {product} {ergonomic}
    uintx NonNMethodCodeHeapSize                   = 5839372                                {pd product} {ergonomic}
    uintx NonProfiledCodeHeapSize                  = 122909434                              {pd product} {ergonomic}
    uintx ProfiledCodeHeapSize                     = 122909434                              {pd product} {ergonomic}
    uintx ReservedCodeCacheSize                    = 251658240                              {pd product} {ergonomic}
     bool SegmentedCodeCache                       = true                                      {product} {ergonomic}
   size_t SoftMaxHeapSize                          = 2147483648                             {manageable} {ergonomic}
     bool UseCompressedClassPointers               = true                           {product lp64_product} {ergonomic}
     bool UseCompressedOops                        = true                           {product lp64_product} {ergonomic}
     bool UseG1GC                                  = true                                      {product} {ergonomic}
     bool UseLargePagesIndividualAllocation        = false                                  {pd product} {ergonomic}

Logging:
Log output configuration:
 #0: stdout all=warning uptime,level,tags
 #1: stderr all=off uptime,level,tags

Environment Variables:
CLASSPATH=D:\CODE\MesProjets\soutenance_ndziwa\app\android\\gradle\wrapper\gradle-wrapper.jar
PATH=D:\CODE\MesProjets\soutenance_ndziwa\app\android\node_modules\.bin;D:\CODE\MesProjets\soutenance_ndziwa\app\node_modules\.bin;D:\CODE\MesProjets\soutenance_ndziwa\node_modules\.bin;D:\CODE\MesProjets\node_modules\.bin;D:\CODE\node_modules\.bin;D:\node_modules\.bin;C:\Program Files\nodejs;C:\Users\zaida\AppData\Local\Temp\yarn--1661078240780-0.6223588561931481;D:\CODE\MesProjets\soutenance_ndziwa\app\node_modules\.bin;C:\Users\zaida\AppData\Local\Yarn\Data\link\node_modules\.bin;C:\Users\zaida\AppData\Local\Yarn\bin;C:\Program Files\libexec\lib\node_modules\npm\bin\node-gyp-bin;C:\Program Files\lib\node_modules\npm\bin\node-gyp-bin;C:\Program Files\nodejs\node_modules\npm\bin\node-gyp-bin;C:\Program Files\Common Files\Oracle\Java\javapath;C:\Python310\Scripts\;C:\Python310\;C:\Program Files (x86)\VMware\VMware Workstation\bin\;C:\WINDOWS\system32;C:\WINDOWS;C:\WINDOWS\System32\Wbem;C:\WINDOWS\System32\WindowsPowerShell\v1.0\;C:\WINDOWS\System32\OpenSSH\;C:\xampp\php;C:\composer;C:\Program Files\Symfony;C:\Program Files\Git\cmd;C:\ProgramData\chocolatey\bin;C:\Program Files\nodejs\;C:\Program Files\Java\jdk-17.0.2\bin;C:\Program Files\OpenSSL-Win64\bin;C:\mailhog;C:\cmder\;C:\Ruby31-x64\bin;C:\Users\zaida\AppData\Local\Microsoft\WindowsApps;C:\Users\zaida\AppData\Local\Programs\Microsoft VS Code\bin;C:\Users\zaida\AppData\Roaming\Composer\vendor\bin;C:\Users\zaida\AppData\Roaming\npm;C:\Users\zaida\AppData\Local\Android\Sdk\platform-tools
USERNAME=zaida
LANG=fr_FR.UTF-8
OS=Windows_NT
PROCESSOR_IDENTIFIER=Intel64 Family 6 Model 126 Stepping 5, GenuineIntel



---------------  S Y S T E M  ---------------

OS:
 Windows 11 , 64 bit Build 22000 (10.0.22000.708)
OS uptime: 3 days 21:44 hours

CPU: total 8 (initial active 8) (4 cores per cpu, 2 threads per core) family 6 model 126 stepping 5 microcode 0xa6, cx8, cmov, fxsr, ht, mmx, 3dnowpref, sse, sse2, sse3, ssse3, sse4.1, sse4.2, popcnt, lzcnt, tsc, tscinvbit, avx, avx2, aes, erms, clmul, bmi1, bmi2, adx, avx512f, avx512dq, avx512cd, avx512bw, avx512vl, sha, fma, vzeroupper, avx512_vpopcntdq, avx512_vpclmulqdq, avx512_vaes, avx512_vnni, clflush, clflushopt, avx512_vbmi2, avx512_vbmi

Memory: 4k page, system-wide physical 16122M (3326M free)
TotalPageFile size 34243M (AvailPageFile size 5M)
current process WorkingSet (physical memory assigned to process): 294M, peak: 297M
current process commit charge ("private bytes"): 352M, peak: 422M

vm_info: Java HotSpot(TM) 64-Bit Server VM (17.0.2+8-LTS-86) for windows-amd64 JRE (17.0.2+8-LTS-86), built on Dec  7 2021 21:51:03 by "mach5one" with MS VC++ 16.8 / 16.9 (VS2019)

END.
